<?xml version="1.0" encoding="UTF-8"?>
<!-- Generated by org.testng.reporters.JUnitReportReporter -->
<testsuite skipped="0" hostname="Home-PC" name="com.vtiger.testScripts.AssetFilterModTC12" tests="1" failures="0" timestamp="18 Mar 2020 15:40:31 GMT" time="34.291" errors="0">
  <testcase name="customDuration" time="34.291" classname="com.vtiger.testScripts.AssetFilterModTC12"/>
</testsuite> <!-- com.vtiger.testScripts.AssetFilterModTC12 -->
