<?xml version="1.0" encoding="UTF-8"?>
<!-- Generated by org.testng.reporters.JUnitReportReporter -->
<testsuite skipped="0" hostname="Home-PC" name="com.vtiger.testScripts.CreateCampTest" tests="1" failures="0" timestamp="17 Mar 2020 14:26:51 GMT" time="40.379" errors="0">
  <testcase name="createCamp" time="40.379" classname="com.vtiger.testScripts.CreateCampTest"/>
</testsuite> <!-- com.vtiger.testScripts.CreateCampTest -->
