<?xml version="1.0" encoding="UTF-8"?>
<!-- Generated by org.testng.reporters.JUnitReportReporter -->
<testsuite skipped="0" hostname="Home-PC" name="com.vtiger.testScripts.CreateCampTest" tests="1" failures="0" timestamp="08 Apr 2020 18:13:56 GMT" time="83.530" errors="0">
  <testcase name="createCamp" time="83.530" classname="com.vtiger.testScripts.CreateCampTest"/>
</testsuite> <!-- com.vtiger.testScripts.CreateCampTest -->
